<?xml version="1.0" encoding="UTF-8"?>
<!-- Generated by org.testng.reporters.JUnitReportReporter -->
<testsuite skipped="0" hostname="DESKTOP-5OHR9DS" name="com.nopcommece.testsuite.ElectronicsPageTest" tests="2" failures="0" timestamp="2022-12-13T21:18:41 GMT" time="31.976" errors="0">
  <testcase name="verifyUserShouldNavigateToCellPhonesPageSuccessfully" time="6.307" classname="com.nopcommece.testsuite.ElectronicsPageTest"/>
  <system-out>
    <![CDATA[Get phone text[[ChromeDriver: chrome on WINDOWS (7a81d847724cfa7eab2e4a5b91bb7464)] -> xpath: //h1[contains(text(),'Cell phones')]]]]>
  </system-out>
  <testcase name="TheProductAddedSuccessfullyAndPlaceOrderSuccessfully" time="25.669" classname="com.nopcommece.testsuite.ElectronicsPageTest"/>
  <system-out>
    <![CDATA[Get phone text[[ChromeDriver: chrome on WINDOWS (e8570e0caa7ee1f99499e88d687dd642)] -> xpath: //h1[contains(text(),'Cell phones')]]
Click on list [[ChromeDriver: chrome on WINDOWS (e8570e0caa7ee1f99499e88d687dd642)] -> xpath: //a[contains(text(),'List')]]
click on nokia lumia [[ChromeDriver: chrome on WINDOWS (e8570e0caa7ee1f99499e88d687dd642)] -> xpath: //h2/a[contains(text(),'Nokia Lumia 1020')]]
get nokia text
get price for nokia 
add to the cart
 Get add to cart msg[[ChromeDriver: chrome on WINDOWS (e8570e0caa7ee1f99499e88d687dd642)] -> xpath: //body/div[@id='bar-notification']/div[1]/p[1]]
shopping cart message Shopping cart
Update Qty msg[[ChromeDriver: chrome on WINDOWS (e8570e0caa7ee1f99499e88d687dd642)] -> xpath: //span[contains(text(),'(2)')]]
verified total$698.00
Click on checkbox[[ChromeDriver: chrome on WINDOWS (e8570e0caa7ee1f99499e88d687dd642)] -> xpath: //input[@id='termsofservice']]
Click Checkoutbox By.xpath: //button[@id='checkout']
verify welcome textWelcome, Please Sign In!
Click on Register [[ChromeDriver: chrome on WINDOWS (e8570e0caa7ee1f99499e88d687dd642)] -> xpath: //button[contains(text(),'Register')]]
verify Register textRegister]]>
  </system-out>
</testsuite> <!-- com.nopcommece.testsuite.ElectronicsPageTest -->
