<?xml version="1.0" encoding="UTF-8"?>
<!-- Generated by org.testng.reporters.JUnitReportReporter -->
<testsuite skipped="0" hostname="DESKTOP-5OHR9DS" name="com.nopcommece.testsuite.LoginPageTest" tests="2" failures="0" timestamp="2022-12-13T21:18:41 GMT" time="9.802" errors="0">
  <testcase name="verifyErrorMessageWithInvalidCredentials" time="5.414" classname="com.nopcommece.testsuite.LoginPageTest"/>
  <system-out>
    <![CDATA[click on login tabLog in
enter email idprime123@gmail.com
enter password prime123]]>
  </system-out>
  <testcase name="verifyUserShouldNavigateToLoginPage" time="4.388" classname="com.nopcommece.testsuite.LoginPageTest"/>
  <system-out>
    <![CDATA[click on login tabLog in]]>
  </system-out>
</testsuite> <!-- com.nopcommece.testsuite.LoginPageTest -->
