<?xml version="1.0" encoding="UTF-8"?>
<!-- Generated by org.testng.reporters.JUnitReportReporter -->
<testsuite skipped="0" hostname="DESKTOP-5OHR9DS" name="com.nopcommece.testsuite.HomePageTest" tests="1" failures="0" timestamp="2022-12-13T21:18:41 GMT" time="4.821" errors="0">
  <testcase name="verifyPageNavigation" time="4.821" classname="com.nopcommece.testsuite.HomePageTest"/>
  <system-out/>
</testsuite> <!-- com.nopcommece.testsuite.HomePageTest -->
