<?xml version="1.0" encoding="UTF-8"?>
<!-- Generated by org.testng.reporters.JUnitReportReporter -->
<testsuite skipped="0" hostname="DESKTOP-5OHR9DS" name="com.nopcommece.testsuite.ShoppingCartPageTest" tests="1" failures="0" timestamp="2022-12-13T21:18:41 GMT" time="24.640" errors="0">
  <testcase name="verifyProductAddedToShoppingCartSuccessFully" time="24.640" classname="com.nopcommece.testsuite.ShoppingCartPageTest"/>
  <system-out>
    <![CDATA[click on computer Computers
click on computer Desktops
sort computerdesktops to AtoZPosition
Name: A to Z
Name: Z to A
Price: Low to High
Price: High to Low
Created on
click on shopping cartADD TO CART]]>
  </system-out>
</testsuite> <!-- com.nopcommece.testsuite.ShoppingCartPageTest -->
